0 info it worked if it ends with ok
1 verbose cli [ 'E:\\Softwareinstall\\nodejs\\node.exe',
1 verbose cli   'E:\\Softwareinstall\\nodejs\\node_modules\\npm\\bin\\npm-cli.js',
1 verbose cli   'install' ]
2 info using npm@2.15.8
3 info using node@v4.4.7
4 verbose readDependencies loading dependencies from D:\nodejsSpace\two\package.json
5 verbose install where, deps [ 'D:\\nodejsSpace\\two',
5 verbose install   [ 'body-parser',
5 verbose install     'cookie-parser',
5 verbose install     'debug',
5 verbose install     'express',
5 verbose install     'jade',
5 verbose install     'morgan',
5 verbose install     'mysql',
5 verbose install     'serve-favicon',
5 verbose install     'knex',
5 verbose install     'route',
5 verbose install     'bookshelf' ] ]
6 verbose install where, peers [ 'D:\\nodejsSpace\\two', [] ]
7 verbose installManyTop reading for lifecycle D:\nodejsSpace\two\package.json
8 info preinstall expresshello@0.0.0
9 verbose installManyTop reading scoped package data from D:\nodejsSpace\two\node_modules\body-parser\package.json
10 verbose installManyTop reading scoped package data from D:\nodejsSpace\two\node_modules\bookshelf\package.json
11 verbose installManyTop reading scoped package data from D:\nodejsSpace\two\node_modules\cookie-parser\package.json
12 verbose installManyTop reading scoped package data from D:\nodejsSpace\two\node_modules\debug\package.json
13 verbose installManyTop reading scoped package data from D:\nodejsSpace\two\node_modules\ejs\package.json
14 verbose installManyTop reading scoped package data from D:\nodejsSpace\two\node_modules\express\package.json
15 verbose installManyTop reading scoped package data from D:\nodejsSpace\two\node_modules\express-formidable\package.json
16 verbose installManyTop reading scoped package data from D:\nodejsSpace\two\node_modules\express-partials\package.json
17 verbose installManyTop reading scoped package data from D:\nodejsSpace\two\node_modules\formidable\package.json
18 verbose installManyTop reading scoped package data from D:\nodejsSpace\two\node_modules\jade\package.json
19 verbose installManyTop reading scoped package data from D:\nodejsSpace\two\node_modules\knex\package.json
20 verbose installManyTop reading scoped package data from D:\nodejsSpace\two\node_modules\morgan\package.json
21 verbose installManyTop reading scoped package data from D:\nodejsSpace\two\node_modules\mysql\package.json
22 verbose installManyTop reading scoped package data from D:\nodejsSpace\two\node_modules\path\package.json
23 verbose installManyTop reading scoped package data from D:\nodejsSpace\two\node_modules\serve-favicon\package.json
24 info package.json express-partials@0.3.0 No license field.
25 info package.json formidable@1.0.17 No license field.
26 info package.json path@0.12.7 path is also the name of a node core module.
27 verbose readDependencies loading dependencies from D:\nodejsSpace\two\package.json
28 verbose targetResolver reading package data from D:\nodejsSpace\two\node_modules\body-parser\package.json
29 verbose targetResolver reading package data from D:\nodejsSpace\two\node_modules\bookshelf\package.json
30 verbose targetResolver reading package data from D:\nodejsSpace\two\node_modules\cookie-parser\package.json
31 verbose targetResolver reading package data from D:\nodejsSpace\two\node_modules\debug\package.json
32 verbose targetResolver reading package data from D:\nodejsSpace\two\node_modules\ejs\package.json
33 verbose targetResolver reading package data from D:\nodejsSpace\two\node_modules\express\package.json
34 verbose targetResolver reading package data from D:\nodejsSpace\two\node_modules\express-formidable\package.json
35 verbose targetResolver reading package data from D:\nodejsSpace\two\node_modules\express-partials\package.json
36 verbose targetResolver reading package data from D:\nodejsSpace\two\node_modules\formidable\package.json
37 verbose targetResolver reading package data from D:\nodejsSpace\two\node_modules\jade\package.json
38 verbose targetResolver reading package data from D:\nodejsSpace\two\node_modules\knex\package.json
39 verbose targetResolver reading package data from D:\nodejsSpace\two\node_modules\morgan\package.json
40 verbose targetResolver reading package data from D:\nodejsSpace\two\node_modules\mysql\package.json
41 verbose targetResolver reading package data from D:\nodejsSpace\two\node_modules\path\package.json
42 verbose targetResolver reading package data from D:\nodejsSpace\two\node_modules\serve-favicon\package.json
43 verbose targetResolver reading package data from D:\nodejsSpace\two\node_modules\.bin\jade\package.json
44 verbose targetResolver reading package data from D:\nodejsSpace\two\node_modules\.bin\jade.cmd\package.json
45 verbose targetResolver reading package data from D:\nodejsSpace\two\node_modules\.bin\knex\package.json
46 verbose targetResolver reading package data from D:\nodejsSpace\two\node_modules\.bin\knex.cmd\package.json
47 verbose already installed skipping bookshelf@0.10.2 D:\nodejsSpace\two
48 verbose already installed skipping body-parser@~1.15.2 D:\nodejsSpace\two
49 verbose already installed skipping cookie-parser@~1.4.3 D:\nodejsSpace\two
50 verbose already installed skipping debug@~2.2.0 D:\nodejsSpace\two
51 verbose already installed skipping express@~4.14.0 D:\nodejsSpace\two
52 verbose already installed skipping jade@~1.11.0 D:\nodejsSpace\two
53 verbose already installed skipping morgan@~1.7.0 D:\nodejsSpace\two
54 verbose already installed skipping mysql@^2.12.0 D:\nodejsSpace\two
55 verbose already installed skipping serve-favicon@~2.3.0 D:\nodejsSpace\two
56 verbose already installed skipping knex@0.12.6 D:\nodejsSpace\two
57 silly cache add args [ 'route@0.12.6', null ]
58 verbose cache add spec route@0.12.6
59 silly cache add parsed spec Result {
59 silly cache add   raw: 'route@0.12.6',
59 silly cache add   scope: null,
59 silly cache add   name: 'route',
59 silly cache add   rawSpec: '0.12.6',
59 silly cache add   spec: '0.12.6',
59 silly cache add   type: 'version' }
60 silly addNamed route@0.12.6
61 verbose addNamed "0.12.6" is a plain semver version for route
62 silly mapToRegistry name route
63 silly mapToRegistry using default registry
64 silly mapToRegistry registry https://registry.npmjs.org/
65 silly mapToRegistry data Result {
65 silly mapToRegistry   raw: 'route',
65 silly mapToRegistry   scope: null,
65 silly mapToRegistry   name: 'route',
65 silly mapToRegistry   rawSpec: '',
65 silly mapToRegistry   spec: 'latest',
65 silly mapToRegistry   type: 'tag' }
66 silly mapToRegistry uri https://registry.npmjs.org/route
67 verbose addNameVersion registry:https://registry.npmjs.org/route not in flight; fetching
68 verbose request uri https://registry.npmjs.org/route
69 verbose request no auth needed
70 info attempt registry request try #1 at 16:17:13
71 verbose request id 6458d49905d8f0d3
72 http request GET https://registry.npmjs.org/route
73 http 200 https://registry.npmjs.org/route
74 verbose headers { server: 'nginx/1.10.1',
74 verbose headers   'content-type': 'application/json',
74 verbose headers   'last-modified': 'Sat, 20 Sep 2014 15:11:24 GMT',
74 verbose headers   etag: 'W/"541d991c-2352"',
74 verbose headers   'content-encoding': 'gzip',
74 verbose headers   'cache-control': 'max-age=300',
74 verbose headers   'content-length': '1568',
74 verbose headers   'accept-ranges': 'bytes',
74 verbose headers   date: 'Tue, 17 Jan 2017 08:17:14 GMT',
74 verbose headers   via: '1.1 varnish',
74 verbose headers   age: '0',
74 verbose headers   connection: 'keep-alive',
74 verbose headers   'x-served-by': 'cache-nrt6122-NRT',
74 verbose headers   'x-cache': 'MISS',
74 verbose headers   'x-cache-hits': '0',
74 verbose headers   'x-timer': 'S1484641034.468971,VS0,VE141',
74 verbose headers   vary: 'Accept-Encoding' }
75 silly get cb [ 200,
75 silly get   { server: 'nginx/1.10.1',
75 silly get     'content-type': 'application/json',
75 silly get     'last-modified': 'Sat, 20 Sep 2014 15:11:24 GMT',
75 silly get     etag: 'W/"541d991c-2352"',
75 silly get     'content-encoding': 'gzip',
75 silly get     'cache-control': 'max-age=300',
75 silly get     'content-length': '1568',
75 silly get     'accept-ranges': 'bytes',
75 silly get     date: 'Tue, 17 Jan 2017 08:17:14 GMT',
75 silly get     via: '1.1 varnish',
75 silly get     age: '0',
75 silly get     connection: 'keep-alive',
75 silly get     'x-served-by': 'cache-nrt6122-NRT',
75 silly get     'x-cache': 'MISS',
75 silly get     'x-cache-hits': '0',
75 silly get     'x-timer': 'S1484641034.468971,VS0,VE141',
75 silly get     vary: 'Accept-Encoding' } ]
76 verbose get saving route to C:\Users\Administrator\AppData\Roaming\npm-cache\registry.npmjs.org\route\.cache.json
77 verbose correctMkdir C:\Users\Administrator\AppData\Roaming\npm-cache correctMkdir not in flight; initializing
78 verbose stack Error: version not found: route@0.12.6
78 verbose stack     at setData (E:\Softwareinstall\nodejs\node_modules\npm\lib\cache\add-named.js:137:12)
78 verbose stack     at RES (E:\Softwareinstall\nodejs\node_modules\npm\node_modules\inflight\inflight.js:23:14)
78 verbose stack     at f (E:\Softwareinstall\nodejs\node_modules\npm\node_modules\once\once.js:17:25)
78 verbose stack     at fixName (E:\Softwareinstall\nodejs\node_modules\npm\lib\cache\add-named.js:29:5)
78 verbose stack     at saved (E:\Softwareinstall\nodejs\node_modules\npm\lib\cache\caching-client.js:173:7)
78 verbose stack     at E:\Softwareinstall\nodejs\node_modules\npm\node_modules\graceful-fs\polyfills.js:210:7
78 verbose stack     at FSReqWrap.oncomplete (fs.js:82:15)
79 verbose statusCode 404
80 verbose cwd D:\nodejsSpace\two
81 error Windows_NT 6.1.7601
82 error argv "E:\\Softwareinstall\\nodejs\\node.exe" "E:\\Softwareinstall\\nodejs\\node_modules\\npm\\bin\\npm-cli.js" "install"
83 error node v4.4.7
84 error npm  v2.15.8
85 error version not found: route@0.12.6
86 error If you need help, you may report this error at:
86 error     <https://github.com/npm/npm/issues>
87 verbose exit [ 1, true ]
